{"numFailedTestSuites":1,"numFailedTests":1,"numPassedTestSuites":59,"numPassedTests":212,"numPendingTestSuites":1,"numPendingTests":2,"numRuntimeErrorTestSuites":0,"numTodoTests":0,"numTotalTestSuites":61,"numTotalTests":215,"openHandles":[],"snapshot":{"added":0,"didUpdate":false,"failure":false,"filesAdded":0,"filesRemoved":0,"filesRemovedList":[],"filesUnmatched":0,"filesUpdated":0,"matched":0,"total":0,"unchecked":0,"uncheckedKeysByFile":[],"unmatched":0,"updated":0},"startTime":1766146382049,"success":false,"testResults":[{"assertionResults":[{"ancestorTitles":["GOLDEN-4: Coplanarity Constraints"],"duration":155,"failureDetails":[],"failureMessages":[],"fullName":"GOLDEN-4: Coplanarity Constraints should enforce coplanarity constraint for multiple planes","invocations":1,"location":null,"numPassingAsserts":2,"retryReasons":[],"status":"passed","title":"should enforce coplanarity constraint for multiple planes"}],"endTime":1766146391964,"message":"","name":"C:\\Dev\\Pictorigo\\src\\optimization\\__tests__\\golden-coplanarity-constraints.test.ts","startTime":1766146386127,"status":"passed","summary":""},{"assertionResults":[{"ancestorTitles":["GOLDEN-2: Line-Constrained Reconstruction"],"duration":108,"failureDetails":[],"failureMessages":[],"fullName":"GOLDEN-2: Line-Constrained Reconstruction should reconstruct cube with line constraints from partial visibility","invocations":1,"location":null,"numPassingAsserts":2,"retryReasons":[],"status":"passed","title":"should reconstruct cube with line constraints from partial visibility"}],"endTime":1766146391993,"message":"","name":"C:\\Dev\\Pictorigo\\src\\optimization\\__tests__\\golden-line-constrained.test.ts","startTime":1766146386129,"status":"passed","summary":""},{"assertionResults":[{"ancestorTitles":["7-Point Essential Matrix Algorithm"],"duration":64,"failureDetails":[],"failureMessages":[],"fullName":"7-Point Essential Matrix Algorithm should initialize two cameras from exactly 7 point correspondences","invocations":1,"location":null,"numPassingAsserts":18,"retryReasons":[],"status":"passed","title":"should initialize two cameras from exactly 7 point correspondences"},{"ancestorTitles":["7-Point Essential Matrix Algorithm"],"duration":66,"failureDetails":[],"failureMessages":[],"fullName":"7-Point Essential Matrix Algorithm should handle 8+ points using 8-point algorithm","invocations":1,"location":null,"numPassingAsserts":20,"retryReasons":[],"status":"passed","title":"should handle 8+ points using 8-point algorithm"},{"ancestorTitles":["7-Point Essential Matrix Algorithm"],"duration":9,"failureDetails":[],"failureMessages":[],"fullName":"7-Point Essential Matrix Algorithm should fail gracefully with fewer than 7 points","invocations":1,"location":null,"numPassingAsserts":2,"retryReasons":[],"status":"passed","title":"should fail gracefully with fewer than 7 points"},{"ancestorTitles":["7-Point Essential Matrix Algorithm"],"duration":193,"failureDetails":[],"failureMessages":[],"fullName":"7-Point Essential Matrix Algorithm should block optimization when insufficient correspondences for initial cameras","invocations":1,"location":null,"numPassingAsserts":1,"retryReasons":[],"status":"passed","title":"should block optimization when insufficient correspondences for initial cameras"}],"endTime":1766146392091,"message":"","name":"C:\\Dev\\Pictorigo\\src\\optimization\\__tests__\\seven-point.test.ts","startTime":1766146386116,"status":"passed","summary":""},{"assertionResults":[{"ancestorTitles":["Inference Three Camera"],"duration":null,"failureDetails":[],"failureMessages":[],"fullName":"Inference Three Camera should solve three cameras using stepped VP + PnP initialization","invocations":1,"location":null,"numPassingAsserts":0,"retryReasons":[],"status":"pending","title":"should solve three cameras using stepped VP + PnP initialization"}],"coverage":{},"endTime":1766146433493,"message":"","name":"C:\\Dev\\Pictorigo\\src\\optimization\\__tests__\\inference-three-cam.test.ts","startTime":1766146433493,"status":"skipped","summary":""},{"assertionResults":[{"ancestorTitles":["Entity Deletion Cleanup Tests","Viewpoint deletion"],"duration":32,"failureDetails":[],"failureMessages":[],"fullName":"Entity Deletion Cleanup Tests Viewpoint deletion deleting viewpoint removes all associated image points","invocations":1,"location":null,"numPassingAsserts":8,"retryReasons":[],"status":"passed","title":"deleting viewpoint removes all associated image points"},{"ancestorTitles":["Entity Deletion Cleanup Tests","Viewpoint deletion"],"duration":5,"failureDetails":[],"failureMessages":[],"fullName":"Entity Deletion Cleanup Tests Viewpoint deletion deleting viewpoint removes orphaned world points from project state","invocations":1,"location":null,"numPassingAsserts":4,"retryReasons":[],"status":"passed","title":"deleting viewpoint removes orphaned world points from project state"},{"ancestorTitles":["Entity Deletion Cleanup Tests","Viewpoint deletion"],"duration":5,"failureDetails":[],"failureMessages":[],"fullName":"Entity Deletion Cleanup Tests Viewpoint deletion deleting viewpoint allows serialization","invocations":1,"location":null,"numPassingAsserts":4,"retryReasons":[],"status":"passed","title":"deleting viewpoint allows serialization"},{"ancestorTitles":["Entity Deletion Cleanup Tests","Viewpoint deletion"],"duration":5,"failureDetails":[],"failureMessages":[],"fullName":"Entity Deletion Cleanup Tests Viewpoint deletion deleting viewpoint with multiple image points cleans up all references","invocations":1,"location":null,"numPassingAsserts":5,"retryReasons":[],"status":"passed","title":"deleting viewpoint with multiple image points cleans up all references"},{"ancestorTitles":["Entity Deletion Cleanup Tests","WorldPoint deletion"],"duration":5,"failureDetails":[],"failureMessages":[],"fullName":"Entity Deletion Cleanup Tests WorldPoint deletion deleting world point removes all connected lines","invocations":1,"location":null,"numPassingAsserts":8,"retryReasons":[],"status":"passed","title":"deleting world point removes all connected lines"},{"ancestorTitles":["Entity Deletion Cleanup Tests","WorldPoint deletion"],"duration":4,"failureDetails":[],"failureMessages":[],"fullName":"Entity Deletion Cleanup Tests WorldPoint deletion deleting world point removes all associated image points","invocations":1,"location":null,"numPassingAsserts":7,"retryReasons":[],"status":"passed","title":"deleting world point removes all associated image points"},{"ancestorTitles":["Entity Deletion Cleanup Tests","WorldPoint deletion"],"duration":9,"failureDetails":[],"failureMessages":[],"fullName":"Entity Deletion Cleanup Tests WorldPoint deletion deleting world point removes all referencing constraints","invocations":1,"location":null,"numPassingAsserts":6,"retryReasons":[],"status":"passed","title":"deleting world point removes all referencing constraints"},{"ancestorTitles":["Entity Deletion Cleanup Tests","WorldPoint deletion"],"duration":8,"failureDetails":[],"failureMessages":[],"fullName":"Entity Deletion Cleanup Tests WorldPoint deletion deleting world point allows serialization","invocations":1,"location":null,"numPassingAsserts":5,"retryReasons":[],"status":"passed","title":"deleting world point allows serialization"},{"ancestorTitles":["Entity Deletion Cleanup Tests","Line deletion"],"duration":3,"failureDetails":[],"failureMessages":[],"fullName":"Entity Deletion Cleanup Tests Line deletion deleting line removes references from connected points","invocations":1,"location":null,"numPassingAsserts":5,"retryReasons":[],"status":"passed","title":"deleting line removes references from connected points"},{"ancestorTitles":["Entity Deletion Cleanup Tests","Line deletion"],"duration":5,"failureDetails":[],"failureMessages":[],"fullName":"Entity Deletion Cleanup Tests Line deletion deleting line allows serialization","invocations":1,"location":null,"numPassingAsserts":3,"retryReasons":[],"status":"passed","title":"deleting line allows serialization"},{"ancestorTitles":["Entity Deletion Cleanup Tests","Full project teardown"],"duration":27,"failureDetails":[],"failureMessages":[],"fullName":"Entity Deletion Cleanup Tests Full project teardown can delete all entities in any order without orphans","invocations":1,"location":null,"numPassingAsserts":21,"retryReasons":[],"status":"passed","title":"can delete all entities in any order without orphans"},{"ancestorTitles":["Entity Deletion Cleanup Tests","Full project teardown"],"duration":8,"failureDetails":[],"failureMessages":[],"fullName":"Entity Deletion Cleanup Tests Full project teardown deleting in reverse order of creation","invocations":1,"location":null,"numPassingAsserts":10,"retryReasons":[],"status":"passed","title":"deleting in reverse order of creation"},{"ancestorTitles":["Entity Deletion Cleanup Tests","Full project teardown"],"duration":9,"failureDetails":[],"failureMessages":[],"fullName":"Entity Deletion Cleanup Tests Full project teardown serialization round-trip after partial deletion","invocations":1,"location":null,"numPassingAsserts":5,"retryReasons":[],"status":"passed","title":"serialization round-trip after partial deletion"},{"ancestorTitles":["Entity Deletion Cleanup Tests","Edge cases"],"duration":2,"failureDetails":[],"failureMessages":[],"fullName":"Entity Deletion Cleanup Tests Edge cases deleting non-existent entity is safe","invocations":1,"location":null,"numPassingAsserts":2,"retryReasons":[],"status":"passed","title":"deleting non-existent entity is safe"},{"ancestorTitles":["Entity Deletion Cleanup Tests","Edge cases"],"duration":2,"failureDetails":[],"failureMessages":[],"fullName":"Entity Deletion Cleanup Tests Edge cases deleting world point with no connections","invocations":1,"location":null,"numPassingAsserts":2,"retryReasons":[],"status":"passed","title":"deleting world point with no connections"},{"ancestorTitles":["Entity Deletion Cleanup Tests","Edge cases"],"duration":3,"failureDetails":[],"failureMessages":[],"fullName":"Entity Deletion Cleanup Tests Edge cases deleting viewpoint with no image points","invocations":1,"location":null,"numPassingAsserts":2,"retryReasons":[],"status":"passed","title":"deleting viewpoint with no image points"}],"endTime":1766146392115,"message":"","name":"C:\\Dev\\Pictorigo\\src\\hooks\\__tests__\\entity-deletion.test.ts","startTime":1766146386115,"status":"passed","summary":""},{"assertionResults":[{"ancestorTitles":["GOLDEN-SCENARIO-12: Synthetic Recreation"],"duration":369,"failureDetails":[],"failureMessages":[],"fullName":"GOLDEN-SCENARIO-12: Synthetic Recreation should achieve near-zero reprojection error with scenario-12 geometry and synthetic image points","invocations":1,"location":null,"numPassingAsserts":9,"retryReasons":[],"status":"passed","title":"should achieve near-zero reprojection error with scenario-12 geometry and synthetic image points"}],"endTime":1766146392265,"message":"","name":"C:\\Dev\\Pictorigo\\src\\optimization\\__tests__\\golden-scenario-12-synthetic.test.ts","startTime":1766146386063,"status":"passed","summary":""},{"assertionResults":[{"ancestorTitles":["GOLDEN-7: Full Bundle Adjustment (CORRECT VERSION)"],"duration":523,"failureDetails":[],"failureMessages":[],"fullName":"GOLDEN-7: Full Bundle Adjustment (CORRECT VERSION) should recover cameras and points from PnP initialization","invocations":1,"location":null,"numPassingAsserts":2,"retryReasons":[],"status":"passed","title":"should recover cameras and points from PnP initialization"}],"endTime":1766146392391,"message":"","name":"C:\\Dev\\Pictorigo\\src\\optimization\\__tests__\\golden-bundle-adjustment.test.ts","startTime":1766146386081,"status":"passed","summary":""},{"assertionResults":[{"ancestorTitles":["Inference Single Camera"],"duration":337,"failureDetails":[],"failureMessages":[],"fullName":"Inference Single Camera should solve single camera with inferred coordinates from axis-aligned lines","invocations":1,"location":null,"numPassingAsserts":3,"retryReasons":[],"status":"passed","title":"should solve single camera with inferred coordinates from axis-aligned lines"}],"endTime":1766146392447,"message":"","name":"C:\\Dev\\Pictorigo\\src\\optimization\\__tests__\\inference-single-cam.test.ts","startTime":1766146386076,"status":"passed","summary":""},{"assertionResults":[{"ancestorTitles":["PnP Camera Initialization"],"duration":661,"failureDetails":[],"failureMessages":[],"fullName":"PnP Camera Initialization should initialize camera using geometric heuristic","invocations":1,"location":null,"numPassingAsserts":5,"retryReasons":[],"status":"passed","title":"should initialize camera using geometric heuristic"},{"ancestorTitles":["PnP Camera Initialization"],"duration":3,"failureDetails":[],"failureMessages":[],"fullName":"PnP Camera Initialization should fail with insufficient points","invocations":1,"location":null,"numPassingAsserts":1,"retryReasons":[],"status":"passed","title":"should fail with insufficient points"},{"ancestorTitles":["PnP Camera Initialization"],"duration":3,"failureDetails":[],"failureMessages":[],"fullName":"PnP Camera Initialization should handle points without optimizedXyz","invocations":1,"location":null,"numPassingAsserts":1,"retryReasons":[],"status":"passed","title":"should handle points without optimizedXyz"}],"endTime":1766146392457,"message":"","name":"C:\\Dev\\Pictorigo\\src\\optimization\\__tests__\\pnp.test.ts","startTime":1766146386135,"status":"passed","summary":""},{"assertionResults":[{"ancestorTitles":["Should Be Simple fixture"],"duration":311,"failureDetails":[],"failureMessages":[],"fullName":"Should Be Simple fixture should successfully optimize single camera with 4 locked points","invocations":1,"location":null,"numPassingAsserts":11,"retryReasons":[],"status":"passed","title":"should successfully optimize single camera with 4 locked points"}],"endTime":1766146392454,"message":"","name":"C:\\Dev\\Pictorigo\\src\\optimization\\__tests__\\should-be-simple-fixture.test.ts","startTime":1766146386078,"status":"passed","summary":""},{"assertionResults":[{"ancestorTitles":["Simplest fixture (4 locked points, 9 vanishing lines)"],"duration":158,"failureDetails":[],"failureMessages":[],"fullName":"Simplest fixture (4 locked points, 9 vanishing lines) should solve with low reprojection error despite garbage intrinsics in fixture","invocations":1,"location":null,"numPassingAsserts":12,"retryReasons":[],"status":"passed","title":"should solve with low reprojection error despite garbage intrinsics in fixture"}],"endTime":1766146392757,"message":"","name":"C:\\Dev\\Pictorigo\\src\\optimization\\__tests__\\simplest-fixture.test.ts","startTime":1766146391992,"status":"passed","summary":""},{"assertionResults":[{"ancestorTitles":["Y Convention Invariance"],"duration":252,"failureDetails":[],"failureMessages":[],"fullName":"Y Convention Invariance should work with -Y up convention (original)","invocations":1,"location":null,"numPassingAsserts":2,"retryReasons":[],"status":"passed","title":"should work with -Y up convention (original)"},{"ancestorTitles":["Y Convention Invariance"],"duration":165,"failureDetails":[],"failureMessages":[],"fullName":"Y Convention Invariance should work with +Y up convention (convert from -Y up by flipping Y and Z)","invocations":1,"location":null,"numPassingAsserts":4,"retryReasons":[],"status":"passed","title":"should work with +Y up convention (convert from -Y up by flipping Y and Z)"},{"ancestorTitles":["Y Convention Invariance"],"duration":311,"failureDetails":[],"failureMessages":[],"fullName":"Y Convention Invariance should produce equal quality for both conventions","invocations":1,"location":null,"numPassingAsserts":3,"retryReasons":[],"status":"passed","title":"should produce equal quality for both conventions"}],"endTime":1766146392822,"message":"","name":"C:\\Dev\\Pictorigo\\src\\optimization\\__tests__\\y-convention-invariance.test.ts","startTime":1766146386073,"status":"passed","summary":""},{"assertionResults":[{"ancestorTitles":["GOLDEN-VP: Single Camera with Vanishing Point Initialization"],"duration":139,"failureDetails":[],"failureMessages":[],"fullName":"GOLDEN-VP: Single Camera with Vanishing Point Initialization should achieve near-zero reprojection error with analytically generated image points","invocations":1,"location":null,"numPassingAsserts":12,"retryReasons":[],"status":"passed","title":"should achieve near-zero reprojection error with analytically generated image points"}],"endTime":1766146392886,"message":"","name":"C:\\Dev\\Pictorigo\\src\\optimization\\__tests__\\golden-single-camera-vanishing-points.test.ts","startTime":1766146392288,"status":"passed","summary":""},{"assertionResults":[{"ancestorTitles":["GOLDEN-8: Bundle Adjustment with Geometric Constraints"],"duration":306,"failureDetails":[],"failureMessages":[],"fullName":"GOLDEN-8: Bundle Adjustment with Geometric Constraints should achieve better accuracy with geometric constraints than image-only BA","invocations":1,"location":null,"numPassingAsserts":5,"retryReasons":[],"status":"passed","title":"should achieve better accuracy with geometric constraints than image-only BA"}],"endTime":1766146392964,"message":"","name":"C:\\Dev\\Pictorigo\\src\\optimization\\__tests__\\golden-bundle-with-constraints.test.ts","startTime":1766146392125,"status":"passed","summary":""},{"assertionResults":[{"ancestorTitles":["Coordinate Sign Invariance"],"duration":263,"failureDetails":[],"failureMessages":[],"fullName":"Coordinate Sign Invariance should solve the GOOD fixture (negative Y) with low error","invocations":1,"location":null,"numPassingAsserts":2,"retryReasons":[],"status":"passed","title":"should solve the GOOD fixture (negative Y) with low error"},{"ancestorTitles":["Coordinate Sign Invariance"],"duration":192,"failureDetails":[],"failureMessages":[],"fullName":"Coordinate Sign Invariance should solve the REFLECTED fixture (positive Y) with low error","invocations":1,"location":null,"numPassingAsserts":2,"retryReasons":[],"status":"passed","title":"should solve the REFLECTED fixture (positive Y) with low error"},{"ancestorTitles":["Coordinate Sign Invariance"],"duration":273,"failureDetails":[],"failureMessages":[],"fullName":"Coordinate Sign Invariance should produce similar quality results for both coordinate systems","invocations":1,"location":null,"numPassingAsserts":4,"retryReasons":[],"status":"passed","title":"should produce similar quality results for both coordinate systems"}],"endTime":1766146392968,"message":"","name":"C:\\Dev\\Pictorigo\\src\\optimization\\__tests__\\coordinate-sign-invariance.test.ts","startTime":1766146386099,"status":"passed","summary":""},{"assertionResults":[{"ancestorTitles":["Viewpoint Serialization"],"duration":13,"failureDetails":[],"failureMessages":[],"fullName":"Viewpoint Serialization serializes basic viewpoint","invocations":1,"location":null,"numPassingAsserts":5,"retryReasons":[],"status":"passed","title":"serializes basic viewpoint"},{"ancestorTitles":["Viewpoint Serialization"],"duration":7,"failureDetails":[],"failureMessages":[],"fullName":"Viewpoint Serialization round-trip preserves camera parameters","invocations":1,"location":null,"numPassingAsserts":5,"retryReasons":[],"status":"passed","title":"round-trip preserves camera parameters"},{"ancestorTitles":["Viewpoint Serialization"],"duration":3,"failureDetails":[],"failureMessages":[],"fullName":"Viewpoint Serialization round-trip preserves metadata","invocations":1,"location":null,"numPassingAsserts":1,"retryReasons":[],"status":"passed","title":"round-trip preserves metadata"},{"ancestorTitles":["Viewpoint Serialization"],"duration":2,"failureDetails":[],"failureMessages":[],"fullName":"Viewpoint Serialization deserialized viewpoint is registered in context","invocations":1,"location":null,"numPassingAsserts":2,"retryReasons":[],"status":"passed","title":"deserialized viewpoint is registered in context"}],"endTime":1766146392975,"message":"","name":"C:\\Dev\\Pictorigo\\src\\entities\\viewpoint\\__tests__\\Viewpoint.serialization.test.ts","startTime":1766146392148,"status":"passed","summary":""},{"assertionResults":[{"ancestorTitles":["Camera Frustum Alignment"],"duration":2,"failureDetails":[],"failureMessages":[],"fullName":"Camera Frustum Alignment should project frustum corners to correct pixel positions when viewing from same camera","invocations":1,"location":null,"numPassingAsserts":0,"retryReasons":[],"status":"passed","title":"should project frustum corners to correct pixel positions when viewing from same camera"},{"ancestorTitles":["Camera Frustum Alignment"],"duration":91,"failureDetails":[],"failureMessages":[],"fullName":"Camera Frustum Alignment should test with a synthetic camera to isolate the math","invocations":1,"location":null,"numPassingAsserts":2,"retryReasons":[],"status":"passed","title":"should test with a synthetic camera to isolate the math"}],"endTime":1766146392976,"message":"","name":"C:\\Dev\\Pictorigo\\src\\optimization\\__tests__\\camera-frustum-alignment.test.ts","startTime":1766146392415,"status":"passed","summary":""},{"assertionResults":[{"ancestorTitles":["Should Be Good fixture"],"duration":947,"failureDetails":[],"failureMessages":[],"fullName":"Should Be Good fixture prefers pixel observations when vanishing lines are sign-flipped","invocations":1,"location":null,"numPassingAsserts":11,"retryReasons":[],"status":"passed","title":"prefers pixel observations when vanishing lines are sign-flipped"}],"endTime":1766146393071,"message":"","name":"C:\\Dev\\Pictorigo\\src\\optimization\\__tests__\\should-be-good-fixture.test.ts","startTime":1766146386057,"status":"passed","summary":""},{"assertionResults":[{"ancestorTitles":["Right-handed coordinate system"],"duration":290,"failureDetails":[],"failureMessages":[],"fullName":"Right-handed coordinate system should produce right-handed result from \"From Below\" fixture","invocations":1,"location":null,"numPassingAsserts":14,"retryReasons":[],"status":"passed","title":"should produce right-handed result from \"From Below\" fixture"}],"endTime":1766146393134,"message":"","name":"C:\\Dev\\Pictorigo\\src\\optimization\\__tests__\\right-handed-solve.test.ts","startTime":1766146392114,"status":"passed","summary":""},{"assertionResults":[{"ancestorTitles":["PnP-only initialization from clean state"],"duration":493,"failureDetails":[],"failureMessages":[],"fullName":"PnP-only initialization from clean state should work WITHOUT vanishing lines when constrained points have lockedXyz","invocations":1,"location":null,"numPassingAsserts":13,"retryReasons":[],"status":"passed","title":"should work WITHOUT vanishing lines when constrained points have lockedXyz"},{"ancestorTitles":["PnP-only initialization from clean state"],"duration":571,"failureDetails":[],"failureMessages":[],"fullName":"PnP-only initialization from clean state should produce same result whether or not fixture had pre-populated optimizedXyz","invocations":1,"location":null,"numPassingAsserts":5,"retryReasons":[],"status":"passed","title":"should produce same result whether or not fixture had pre-populated optimizedXyz"}],"endTime":1766146393143,"message":"","name":"C:\\Dev\\Pictorigo\\src\\optimization\\__tests__\\pnp-only-clean-state.test.ts","startTime":1766146386097,"status":"passed","summary":""},{"assertionResults":[{"ancestorTitles":["GOLDEN-3: Line Direction Constraints"],"duration":154,"failureDetails":[],"failureMessages":[],"fullName":"GOLDEN-3: Line Direction Constraints should enforce horizontal, vertical, and axis-aligned direction constraints","invocations":1,"location":null,"numPassingAsserts":3,"retryReasons":[],"status":"passed","title":"should enforce horizontal, vertical, and axis-aligned direction constraints"}],"endTime":1766146393208,"message":"","name":"C:\\Dev\\Pictorigo\\src\\optimization\\__tests__\\golden-direction-constraints.test.ts","startTime":1766146392016,"status":"passed","summary":""},{"assertionResults":[{"ancestorTitles":["Camera Orientation Fix - User Fixture"],"duration":66,"failureDetails":[],"failureMessages":[],"fullName":"Camera Orientation Fix - User Fixture should initialize camera with VP and have all points IN FRONT of camera","invocations":1,"location":null,"numPassingAsserts":3,"retryReasons":[],"status":"passed","title":"should initialize camera with VP and have all points IN FRONT of camera"},{"ancestorTitles":["Camera Orientation Fix - User Fixture"],"duration":301,"failureDetails":[],"failureMessages":[],"fullName":"Camera Orientation Fix - User Fixture should achieve low reprojection error after optimization","invocations":1,"location":null,"numPassingAsserts":1,"retryReasons":[],"status":"passed","title":"should achieve low reprojection error after optimization"},{"ancestorTitles":["Camera Orientation Fix - User Fixture"],"duration":875,"failureDetails":[],"failureMessages":[],"fullName":"Camera Orientation Fix - User Fixture should handle Y-axis disambiguation via inferred points","invocations":1,"location":null,"numPassingAsserts":3,"retryReasons":[],"status":"passed","title":"should handle Y-axis disambiguation via inferred points"}],"endTime":1766146393357,"message":"","name":"C:\\Dev\\Pictorigo\\src\\optimization\\__tests__\\camera-orientation-fix.test.ts","startTime":1766146386143,"status":"passed","summary":""},{"assertionResults":[{"ancestorTitles":["Line Serialization"],"duration":4,"failureDetails":[],"failureMessages":[],"fullName":"Line Serialization serializes basic line","invocations":1,"location":null,"numPassingAsserts":4,"retryReasons":[],"status":"passed","title":"serializes basic line"},{"ancestorTitles":["Line Serialization"],"duration":197,"failureDetails":[],"failureMessages":[],"fullName":"Line Serialization throws if endpoints not registered","invocations":1,"location":null,"numPassingAsserts":1,"retryReasons":[],"status":"passed","title":"throws if endpoints not registered"},{"ancestorTitles":["Line Serialization"],"duration":13,"failureDetails":[],"failureMessages":[],"fullName":"Line Serialization round-trip preserves line properties","invocations":1,"location":null,"numPassingAsserts":10,"retryReasons":[],"status":"passed","title":"round-trip preserves line properties"},{"ancestorTitles":["Line Serialization"],"duration":3,"failureDetails":[],"failureMessages":[],"fullName":"Line Serialization deserialize re-establishes point relationships","invocations":1,"location":null,"numPassingAsserts":4,"retryReasons":[],"status":"passed","title":"deserialize re-establishes point relationships"}],"endTime":1766146393397,"message":"","name":"C:\\Dev\\Pictorigo\\src\\entities\\line\\__tests__\\Line.serialization.test.ts","startTime":1766146392474,"status":"passed","summary":""},{"assertionResults":[{"ancestorTitles":["Horizon Sign Invariance"],"duration":65,"failureDetails":[],"failureMessages":[],"fullName":"Horizon Sign Invariance should produce correct camera orientation for good horizon case (Y=+10)","invocations":1,"location":null,"numPassingAsserts":3,"retryReasons":[],"status":"passed","title":"should produce correct camera orientation for good horizon case (Y=+10)"},{"ancestorTitles":["Horizon Sign Invariance"],"duration":24,"failureDetails":[],"failureMessages":[],"fullName":"Horizon Sign Invariance should produce correct camera orientation for bad horizon case (Y=-10) - CORRECTED FIXTURE","invocations":1,"location":null,"numPassingAsserts":3,"retryReasons":[],"status":"passed","title":"should produce correct camera orientation for bad horizon case (Y=-10) - CORRECTED FIXTURE"},{"ancestorTitles":["Horizon Sign Invariance"],"duration":51,"failureDetails":[],"failureMessages":[],"fullName":"Horizon Sign Invariance should handle both Y polarities with similar quality (using corrected fixture)","invocations":1,"location":null,"numPassingAsserts":2,"retryReasons":[],"status":"passed","title":"should handle both Y polarities with similar quality (using corrected fixture)"}],"endTime":1766146393467,"message":"","name":"C:\\Dev\\Pictorigo\\src\\optimization\\__tests__\\horizon-sign-invariance.test.ts","startTime":1766146392796,"status":"passed","summary":""},{"assertionResults":[{"ancestorTitles":["ImagePoint Serialization"],"duration":43,"failureDetails":[],"failureMessages":[],"fullName":"ImagePoint Serialization serializes image point","invocations":1,"location":null,"numPassingAsserts":4,"retryReasons":[],"status":"passed","title":"serializes image point"},{"ancestorTitles":["ImagePoint Serialization"],"duration":158,"failureDetails":[],"failureMessages":[],"fullName":"ImagePoint Serialization throws if dependencies not registered","invocations":1,"location":null,"numPassingAsserts":1,"retryReasons":[],"status":"passed","title":"throws if dependencies not registered"},{"ancestorTitles":["ImagePoint Serialization"],"duration":3,"failureDetails":[],"failureMessages":[],"fullName":"ImagePoint Serialization round-trip preserves data and relationships","invocations":1,"location":null,"numPassingAsserts":5,"retryReasons":[],"status":"passed","title":"round-trip preserves data and relationships"},{"ancestorTitles":["ImagePoint Serialization"],"duration":3,"failureDetails":[],"failureMessages":[],"fullName":"ImagePoint Serialization deserialize establishes bidirectional relationships","invocations":1,"location":null,"numPassingAsserts":2,"retryReasons":[],"status":"passed","title":"deserialize establishes bidirectional relationships"}],"endTime":1766146393512,"message":"","name":"C:\\Dev\\Pictorigo\\src\\entities\\imagePoint\\__tests__\\ImagePoint.serialization.test.ts","startTime":1766146392485,"status":"passed","summary":""},{"assertionResults":[{"ancestorTitles":["Perspective Grid Homography"],"duration":2,"failureDetails":[],"failureMessages":[],"fullName":"Perspective Grid Homography should compute vanishing points from three-boxes.jpg lines","invocations":1,"location":null,"numPassingAsserts":2,"retryReasons":[],"status":"passed","title":"should compute vanishing points from three-boxes.jpg lines"},{"ancestorTitles":["Perspective Grid Homography"],"duration":2,"failureDetails":[],"failureMessages":[],"fullName":"Perspective Grid Homography should compute quad corners from line intersections","invocations":1,"location":null,"numPassingAsserts":4,"retryReasons":[],"status":"passed","title":"should compute quad corners from line intersections"},{"ancestorTitles":["Perspective Grid Homography"],"duration":1,"failureDetails":[],"failureMessages":[],"fullName":"Perspective Grid Homography should generate reasonable grid lines","invocations":1,"location":null,"numPassingAsserts":0,"retryReasons":[],"status":"passed","title":"should generate reasonable grid lines"},{"ancestorTitles":["Perspective Grid Homography"],"duration":32,"failureDetails":[],"failureMessages":[],"fullName":"Perspective Grid Homography should verify vanishing lines actually pass through image canvas","invocations":1,"location":null,"numPassingAsserts":32,"retryReasons":[],"status":"passed","title":"should verify vanishing lines actually pass through image canvas"},{"ancestorTitles":["Perspective Grid Homography"],"duration":0,"failureDetails":[],"failureMessages":[],"fullName":"Perspective Grid Homography should find which line intersections are actually on-canvas","invocations":1,"location":null,"numPassingAsserts":0,"retryReasons":[],"status":"passed","title":"should find which line intersections are actually on-canvas"},{"ancestorTitles":["Perspective Grid Homography"],"duration":53,"failureDetails":[],"failureMessages":[],"fullName":"Perspective Grid Homography DISABLED - old test using line endpoints","invocations":1,"location":null,"numPassingAsserts":329,"retryReasons":[],"status":"passed","title":"DISABLED - old test using line endpoints"}],"endTime":1766146393539,"message":"","name":"C:\\Dev\\Pictorigo\\src\\optimization\\__tests__\\perspective-grid-homography.test.ts","startTime":1766146392910,"status":"passed","summary":""},{"assertionResults":[{"ancestorTitles":["SerializationContext"],"duration":3,"failureDetails":[],"failureMessages":[],"fullName":"SerializationContext auto-generates IDs","invocations":1,"location":null,"numPassingAsserts":3,"retryReasons":[],"status":"passed","title":"auto-generates IDs"},{"ancestorTitles":["SerializationContext"],"duration":0,"failureDetails":[],"failureMessages":[],"fullName":"SerializationContext uses explicit IDs when provided","invocations":1,"location":null,"numPassingAsserts":2,"retryReasons":[],"status":"passed","title":"uses explicit IDs when provided"},{"ancestorTitles":["SerializationContext"],"duration":1,"failureDetails":[],"failureMessages":[],"fullName":"SerializationContext returns same ID for already-registered entity","invocations":1,"location":null,"numPassingAsserts":1,"retryReasons":[],"status":"passed","title":"returns same ID for already-registered entity"},{"ancestorTitles":["SerializationContext"],"duration":14,"failureDetails":[],"failureMessages":[],"fullName":"SerializationContext throws if re-registering with different ID","invocations":1,"location":null,"numPassingAsserts":1,"retryReasons":[],"status":"passed","title":"throws if re-registering with different ID"},{"ancestorTitles":["SerializationContext"],"duration":1,"failureDetails":[],"failureMessages":[],"fullName":"SerializationContext retrieves entity by ID","invocations":1,"location":null,"numPassingAsserts":2,"retryReasons":[],"status":"passed","title":"retrieves entity by ID"},{"ancestorTitles":["SerializationContext"],"duration":0,"failureDetails":[],"failureMessages":[],"fullName":"SerializationContext hasEntity works correctly","invocations":1,"location":null,"numPassingAsserts":2,"retryReasons":[],"status":"passed","title":"hasEntity works correctly"},{"ancestorTitles":["SerializationContext"],"duration":1,"failureDetails":[],"failureMessages":[],"fullName":"SerializationContext clear resets context","invocations":1,"location":null,"numPassingAsserts":2,"retryReasons":[],"status":"passed","title":"clear resets context"}],"endTime":1766146393563,"message":"","name":"C:\\Dev\\Pictorigo\\src\\entities\\serialization\\__tests__\\SerializationContext.test.ts","startTime":1766146393027,"status":"passed","summary":""},{"assertionResults":[{"ancestorTitles":["Simple Two-Camera Solving (Proof of Concept)"],"duration":1,"failureDetails":[],"failureMessages":[],"fullName":"Simple Two-Camera Solving (Proof of Concept) should manually solve seed pair with shared points","invocations":1,"location":null,"numPassingAsserts":0,"retryReasons":[],"status":"passed","title":"should manually solve seed pair with shared points"}],"endTime":1766146393567,"message":"","name":"C:\\Dev\\Pictorigo\\src\\optimization\\__tests__\\simple-two-camera-solving.test.ts","startTime":1766146392849,"status":"passed","summary":""},{"assertionResults":[{"ancestorTitles":["ProjectionConstraint - Camera Bundle Adjustment","Simple Projection"],"duration":166,"failureDetails":[],"failureMessages":[],"fullName":"ProjectionConstraint - Camera Bundle Adjustment Simple Projection should optimize camera pose to match multiple observed pixels","invocations":1,"location":null,"numPassingAsserts":2,"retryReasons":[],"status":"passed","title":"should optimize camera pose to match multiple observed pixels"},{"ancestorTitles":["ProjectionConstraint - Camera Bundle Adjustment","Simple Projection"],"duration":9,"failureDetails":[],"failureMessages":[],"fullName":"ProjectionConstraint - Camera Bundle Adjustment Simple Projection should optimize point position to match observed pixel","invocations":1,"location":null,"numPassingAsserts":5,"retryReasons":[],"status":"passed","title":"should optimize point position to match observed pixel"},{"ancestorTitles":["ProjectionConstraint - Camera Bundle Adjustment","Bundle Adjustment"],"duration":15,"failureDetails":[],"failureMessages":[],"fullName":"ProjectionConstraint - Camera Bundle Adjustment Bundle Adjustment should jointly optimize camera pose and point positions","invocations":1,"location":null,"numPassingAsserts":6,"retryReasons":[],"status":"passed","title":"should jointly optimize camera pose and point positions"},{"ancestorTitles":["ProjectionConstraint - Camera Bundle Adjustment","Bundle Adjustment"],"duration":100,"failureDetails":[],"failureMessages":[],"fullName":"ProjectionConstraint - Camera Bundle Adjustment Bundle Adjustment should triangulate point from multiple camera views","invocations":1,"location":null,"numPassingAsserts":5,"retryReasons":[],"status":"passed","title":"should triangulate point from multiple camera views"}],"endTime":1766146393595,"message":"","name":"C:\\Dev\\Pictorigo\\src\\optimization\\__tests__\\projection-constraint.test.ts","startTime":1766146392480,"status":"passed","summary":""},{"assertionResults":[{"ancestorTitles":["Bundle Adjustment with Real Fixture"],"duration":1,"failureDetails":[],"failureMessages":[],"fullName":"Bundle Adjustment with Real Fixture should optimize the real fixture data","invocations":1,"location":null,"numPassingAsserts":0,"retryReasons":[],"status":"passed","title":"should optimize the real fixture data"}],"endTime":1766146393640,"message":"","name":"C:\\Dev\\Pictorigo\\src\\optimization\\__tests__\\bundle-adjustment-fixture.test.ts","startTime":1766146393104,"status":"passed","summary":""},{"assertionResults":[{"ancestorTitles":["GOLDEN-1: Two-View Point Reconstruction"],"duration":164,"failureDetails":[],"failureMessages":[],"fullName":"GOLDEN-1: Two-View Point Reconstruction should perfectly reconstruct cube corners from two known cameras","invocations":1,"location":null,"numPassingAsserts":2,"retryReasons":[],"status":"passed","title":"should perfectly reconstruct cube corners from two known cameras"}],"endTime":1766146393749,"message":"","name":"C:\\Dev\\Pictorigo\\src\\optimization\\__tests__\\golden-point-reconstruction.test.ts","startTime":1766146393022,"status":"passed","summary":""},{"assertionResults":[{"ancestorTitles":["Serialization Integration Tests"],"duration":7,"failureDetails":[],"failureMessages":[],"fullName":"Serialization Integration Tests empty project round-trip","invocations":1,"location":null,"numPassingAsserts":4,"retryReasons":[],"status":"passed","title":"empty project round-trip"},{"ancestorTitles":["Serialization Integration Tests"],"duration":9,"failureDetails":[],"failureMessages":[],"fullName":"Serialization Integration Tests project with points and lines round-trip","invocations":1,"location":null,"numPassingAsserts":7,"retryReasons":[],"status":"passed","title":"project with points and lines round-trip"},{"ancestorTitles":["Serialization Integration Tests"],"duration":19,"failureDetails":[],"failureMessages":[],"fullName":"Serialization Integration Tests project with viewpoints and image points round-trip","invocations":1,"location":null,"numPassingAsserts":4,"retryReasons":[],"status":"passed","title":"project with viewpoints and image points round-trip"},{"ancestorTitles":["Serialization Integration Tests"],"duration":8,"failureDetails":[],"failureMessages":[],"fullName":"Serialization Integration Tests project with constraints round-trip","invocations":1,"location":null,"numPassingAsserts":5,"retryReasons":[],"status":"passed","title":"project with constraints round-trip"},{"ancestorTitles":["Serialization Integration Tests"],"duration":51,"failureDetails":[],"failureMessages":[],"fullName":"Serialization Integration Tests complex project round-trip preserves all data","invocations":1,"location":null,"numPassingAsserts":10,"retryReasons":[],"status":"passed","title":"complex project round-trip preserves all data"},{"ancestorTitles":["Serialization Integration Tests"],"duration":5,"failureDetails":[],"failureMessages":[],"fullName":"Serialization Integration Tests JSON structure is clean and readable","invocations":1,"location":null,"numPassingAsserts":9,"retryReasons":[],"status":"passed","title":"JSON structure is clean and readable"}],"endTime":1766146393760,"message":"","name":"C:\\Dev\\Pictorigo\\src\\entities\\__tests__\\Serialization.integration.test.ts","startTime":1766146393176,"status":"passed","summary":""},{"assertionResults":[{"ancestorTitles":["Debug Two-Camera VL+non-VL"],"duration":1623,"failureDetails":[],"failureMessages":[],"fullName":"Debug Two-Camera VL+non-VL should analyze why it fails","invocations":1,"location":null,"numPassingAsserts":1,"retryReasons":[],"status":"passed","title":"should analyze why it fails"}],"endTime":1766146393792,"message":"","name":"C:\\Dev\\Pictorigo\\src\\optimization\\__tests__\\debug-two-camera-vl.test.ts","startTime":1766146386083,"status":"passed","summary":""},{"assertionResults":[{"ancestorTitles":["ConstraintSystem - All Constraint Types","DistanceConstraint"],"duration":10,"failureDetails":[],"failureMessages":[],"fullName":"ConstraintSystem - All Constraint Types DistanceConstraint should enforce distance between two points","invocations":1,"location":null,"numPassingAsserts":2,"retryReasons":[],"status":"passed","title":"should enforce distance between two points"},{"ancestorTitles":["ConstraintSystem - All Constraint Types","AngleConstraint"],"duration":7,"failureDetails":[],"failureMessages":[],"fullName":"ConstraintSystem - All Constraint Types AngleConstraint should enforce angle at vertex","invocations":1,"location":null,"numPassingAsserts":2,"retryReasons":[],"status":"passed","title":"should enforce angle at vertex"},{"ancestorTitles":["ConstraintSystem - All Constraint Types","CollinearPointsConstraint"],"duration":5,"failureDetails":[],"failureMessages":[],"fullName":"ConstraintSystem - All Constraint Types CollinearPointsConstraint should make 3 points collinear","invocations":1,"location":null,"numPassingAsserts":3,"retryReasons":[],"status":"passed","title":"should make 3 points collinear"},{"ancestorTitles":["ConstraintSystem - All Constraint Types","CoplanarPointsConstraint"],"duration":37,"failureDetails":[],"failureMessages":[],"fullName":"ConstraintSystem - All Constraint Types CoplanarPointsConstraint should make 4 points coplanar","invocations":1,"location":null,"numPassingAsserts":2,"retryReasons":[],"status":"passed","title":"should make 4 points coplanar"},{"ancestorTitles":["ConstraintSystem - All Constraint Types","EqualDistancesConstraint"],"duration":12,"failureDetails":[],"failureMessages":[],"fullName":"ConstraintSystem - All Constraint Types EqualDistancesConstraint should enforce equal distances between point pairs","invocations":1,"location":null,"numPassingAsserts":2,"retryReasons":[],"status":"passed","title":"should enforce equal distances between point pairs"},{"ancestorTitles":["ConstraintSystem - All Constraint Types","EqualAnglesConstraint"],"duration":12,"failureDetails":[],"failureMessages":[],"fullName":"ConstraintSystem - All Constraint Types EqualAnglesConstraint should enforce equal angles","invocations":1,"location":null,"numPassingAsserts":2,"retryReasons":[],"status":"passed","title":"should enforce equal angles"},{"ancestorTitles":["ConstraintSystem - All Constraint Types","Complex scenarios"],"duration":39,"failureDetails":[],"failureMessages":[],"fullName":"ConstraintSystem - All Constraint Types Complex scenarios should solve multiple constraints simultaneously","invocations":1,"location":null,"numPassingAsserts":3,"retryReasons":[],"status":"passed","title":"should solve multiple constraints simultaneously"}],"endTime":1766146393830,"message":"","name":"C:\\Dev\\Pictorigo\\src\\optimization\\__tests__\\all-constraints.test.ts","startTime":1766146392993,"status":"passed","summary":""},{"assertionResults":[{"ancestorTitles":["Two Images Four Points Fixture"],"duration":90,"failureDetails":[],"failureMessages":[],"fullName":"Two Images Four Points Fixture should recognize line constraints and allow optimization","invocations":1,"location":null,"numPassingAsserts":3,"retryReasons":[],"status":"passed","title":"should recognize line constraints and allow optimization"}],"endTime":1766146393861,"message":"","name":"C:\\Dev\\Pictorigo\\src\\optimization\\__tests__\\two-images-four-points.test.ts","startTime":1766146393003,"status":"passed","summary":""},{"assertionResults":[{"ancestorTitles":["Multi-camera fixture with C2 PnP initialization"],"duration":1717,"failureDetails":[],"failureMessages":[],"fullName":"Multi-camera fixture with C2 PnP initialization should solve all 3 cameras with reasonable reprojection error","invocations":1,"location":null,"numPassingAsserts":12,"retryReasons":[],"status":"passed","title":"should solve all 3 cameras with reasonable reprojection error"}],"endTime":1766146393894,"message":"","name":"C:\\Dev\\Pictorigo\\src\\optimization\\__tests__\\fails-c2-pnp.test.ts","startTime":1766146386089,"status":"passed","summary":""},{"assertionResults":[{"ancestorTitles":["WorldPoint Serialization"],"duration":5,"failureDetails":[],"failureMessages":[],"fullName":"WorldPoint Serialization serializes basic world point","invocations":1,"location":null,"numPassingAsserts":4,"retryReasons":[],"status":"passed","title":"serializes basic world point"},{"ancestorTitles":["WorldPoint Serialization"],"duration":1,"failureDetails":[],"failureMessages":[],"fullName":"WorldPoint Serialization serializes point with optimized coordinates","invocations":1,"location":null,"numPassingAsserts":1,"retryReasons":[],"status":"passed","title":"serializes point with optimized coordinates"},{"ancestorTitles":["WorldPoint Serialization"],"duration":3,"failureDetails":[],"failureMessages":[],"fullName":"WorldPoint Serialization round-trip serialization preserves data","invocations":1,"location":null,"numPassingAsserts":4,"retryReasons":[],"status":"passed","title":"round-trip serialization preserves data"},{"ancestorTitles":["WorldPoint Serialization"],"duration":2,"failureDetails":[],"failureMessages":[],"fullName":"WorldPoint Serialization deserialized point is registered in context","invocations":1,"location":null,"numPassingAsserts":2,"retryReasons":[],"status":"passed","title":"deserialized point is registered in context"},{"ancestorTitles":["WorldPoint Serialization"],"duration":1,"failureDetails":[],"failureMessages":[],"fullName":"WorldPoint Serialization serializes point with partially locked coordinates","invocations":1,"location":null,"numPassingAsserts":2,"retryReasons":[],"status":"passed","title":"serializes point with partially locked coordinates"}],"endTime":1766146393945,"message":"","name":"C:\\Dev\\Pictorigo\\src\\entities\\world-point\\__tests__\\WorldPoint.serialization.test.ts","startTime":1766146393487,"status":"passed","summary":""},{"assertionResults":[{"ancestorTitles":["Balcony House optimization"],"duration":1799,"failureDetails":[],"failureMessages":[],"fullName":"Balcony House optimization should solve full Balcony House with median error < 3px","invocations":1,"location":null,"numPassingAsserts":2,"retryReasons":[],"status":"passed","title":"should solve full Balcony House with median error < 3px"}],"endTime":1766146393969,"message":"","name":"C:\\Dev\\Pictorigo\\src\\optimization\\__tests__\\balcony-house.test.ts","startTime":1766146386132,"status":"passed","summary":""},{"assertionResults":[{"ancestorTitles":["Principal Point Estimation"],"duration":1,"failureDetails":[],"failureMessages":[],"fullName":"Principal Point Estimation should return null to preserve user-set principal point values","invocations":1,"location":null,"numPassingAsserts":1,"retryReasons":[],"status":"passed","title":"should return null to preserve user-set principal point values"},{"ancestorTitles":["Principal Point Estimation"],"duration":1,"failureDetails":[],"failureMessages":[],"fullName":"Principal Point Estimation should return null when not enough vanishing points","invocations":1,"location":null,"numPassingAsserts":1,"retryReasons":[],"status":"passed","title":"should return null when not enough vanishing points"}],"endTime":1766146393987,"message":"","name":"C:\\Dev\\Pictorigo\\src\\optimization\\__tests__\\principal-point-estimation.test.ts","startTime":1766146393239,"status":"passed","summary":""},{"assertionResults":[{"ancestorTitles":["Real Data Optimization"],"duration":2,"failureDetails":[],"failureMessages":[],"fullName":"Real Data Optimization should load test project successfully","invocations":1,"location":null,"numPassingAsserts":5,"retryReasons":[],"status":"passed","title":"should load test project successfully"},{"ancestorTitles":["Real Data Optimization"],"duration":29,"failureDetails":[],"failureMessages":[],"fullName":"Real Data Optimization should convert project data to entities","invocations":1,"location":null,"numPassingAsserts":20,"retryReasons":[],"status":"passed","title":"should convert project data to entities"},{"ancestorTitles":["Real Data Optimization"],"duration":30,"failureDetails":[],"failureMessages":[],"fullName":"Real Data Optimization should convert constraints to entities","invocations":1,"location":null,"numPassingAsserts":1,"retryReasons":[],"status":"passed","title":"should convert constraints to entities"},{"ancestorTitles":["Real Data Optimization"],"duration":70,"failureDetails":[],"failureMessages":[],"fullName":"Real Data Optimization should run optimization on real data","invocations":1,"location":null,"numPassingAsserts":3,"retryReasons":[],"status":"passed","title":"should run optimization on real data"},{"ancestorTitles":["Real Data Optimization"],"duration":36,"failureDetails":[],"failureMessages":[],"fullName":"Real Data Optimization should respect line constraints during optimization","invocations":1,"location":null,"numPassingAsserts":1,"retryReasons":[],"status":"passed","title":"should respect line constraints during optimization"}],"endTime":1766146394019,"message":"","name":"C:\\Dev\\Pictorigo\\src\\optimization\\__tests__\\real-data-optimization.test.ts","startTime":1766146393155,"status":"passed","summary":""},{"assertionResults":[{"ancestorTitles":["Vec4"],"duration":2,"failureDetails":[],"failureMessages":[],"fullName":"Vec4 should create vec4 from constants","invocations":1,"location":null,"numPassingAsserts":4,"retryReasons":[],"status":"passed","title":"should create vec4 from constants"},{"ancestorTitles":["Vec4"],"duration":4,"failureDetails":[],"failureMessages":[],"fullName":"Vec4 should compute magnitude correctly","invocations":1,"location":null,"numPassingAsserts":3,"retryReasons":[],"status":"passed","title":"should compute magnitude correctly"},{"ancestorTitles":["Vec4"],"duration":2,"failureDetails":[],"failureMessages":[],"fullName":"Vec4 should normalize quaternion correctly","invocations":1,"location":null,"numPassingAsserts":2,"retryReasons":[],"status":"passed","title":"should normalize quaternion correctly"},{"ancestorTitles":["Quaternion"],"duration":1,"failureDetails":[],"failureMessages":[],"fullName":"Quaternion should create identity quaternion","invocations":1,"location":null,"numPassingAsserts":4,"retryReasons":[],"status":"passed","title":"should create identity quaternion"},{"ancestorTitles":["Quaternion"],"duration":2,"failureDetails":[],"failureMessages":[],"fullName":"Quaternion should convert euler to quaternion and back","invocations":1,"location":null,"numPassingAsserts":3,"retryReasons":[],"status":"passed","title":"should convert euler to quaternion and back"},{"ancestorTitles":["Quaternion"],"duration":1,"failureDetails":[],"failureMessages":[],"fullName":"Quaternion should create unit quaternions from euler angles","invocations":1,"location":null,"numPassingAsserts":2,"retryReasons":[],"status":"passed","title":"should create unit quaternions from euler angles"},{"ancestorTitles":["Quaternion"],"duration":8,"failureDetails":[],"failureMessages":[],"fullName":"Quaternion should rotate vector around X axis by 90 degrees","invocations":1,"location":null,"numPassingAsserts":3,"retryReasons":[],"status":"passed","title":"should rotate vector around X axis by 90 degrees"},{"ancestorTitles":["Quaternion"],"duration":1,"failureDetails":[],"failureMessages":[],"fullName":"Quaternion should rotate vector around Z axis by 90 degrees","invocations":1,"location":null,"numPassingAsserts":3,"retryReasons":[],"status":"passed","title":"should rotate vector around Z axis by 90 degrees"},{"ancestorTitles":["Quaternion"],"duration":1,"failureDetails":[],"failureMessages":[],"fullName":"Quaternion should compose rotations via quaternion multiplication","invocations":1,"location":null,"numPassingAsserts":3,"retryReasons":[],"status":"passed","title":"should compose rotations via quaternion multiplication"},{"ancestorTitles":["Quaternion"],"duration":1,"failureDetails":[],"failureMessages":[],"fullName":"Quaternion should have identity quaternion produce no rotation","invocations":1,"location":null,"numPassingAsserts":3,"retryReasons":[],"status":"passed","title":"should have identity quaternion produce no rotation"},{"ancestorTitles":["Quaternion"],"duration":1,"failureDetails":[],"failureMessages":[],"fullName":"Quaternion should create quaternion from axis-angle","invocations":1,"location":null,"numPassingAsserts":4,"retryReasons":[],"status":"passed","title":"should create quaternion from axis-angle"},{"ancestorTitles":["Quaternion"],"duration":1,"failureDetails":[],"failureMessages":[],"fullName":"Quaternion should compute conjugate correctly","invocations":1,"location":null,"numPassingAsserts":4,"retryReasons":[],"status":"passed","title":"should compute conjugate correctly"},{"ancestorTitles":["Quaternion"],"duration":2,"failureDetails":[],"failureMessages":[],"fullName":"Quaternion should invert rotation with conjugate","invocations":1,"location":null,"numPassingAsserts":3,"retryReasons":[],"status":"passed","title":"should invert rotation with conjugate"},{"ancestorTitles":["Quaternion Normalization Residual"],"duration":1,"failureDetails":[],"failureMessages":[],"fullName":"Quaternion Normalization Residual should be zero for unit quaternions","invocations":1,"location":null,"numPassingAsserts":1,"retryReasons":[],"status":"passed","title":"should be zero for unit quaternions"},{"ancestorTitles":["Quaternion Normalization Residual"],"duration":3,"failureDetails":[],"failureMessages":[],"fullName":"Quaternion Normalization Residual should be non-zero for non-unit quaternions","invocations":1,"location":null,"numPassingAsserts":1,"retryReasons":[],"status":"passed","title":"should be non-zero for non-unit quaternions"},{"ancestorTitles":["Quaternion Normalization Residual"],"duration":0,"failureDetails":[],"failureMessages":[],"fullName":"Quaternion Normalization Residual should compute gradients correctly","invocations":1,"location":null,"numPassingAsserts":4,"retryReasons":[],"status":"passed","title":"should compute gradients correctly"}],"endTime":1766146394063,"message":"","name":"C:\\Dev\\Pictorigo\\src\\optimization\\__tests__\\quaternion.test.ts","startTime":1766146393400,"status":"passed","summary":""},{"assertionResults":[{"ancestorTitles":["Intrinsic Constraints","Point - Locked (Fixed Position)"],"duration":14,"failureDetails":[],"failureMessages":[],"fullName":"Intrinsic Constraints Point - Locked (Fixed Position) should not move locked points when constrained to another point","invocations":1,"location":null,"numPassingAsserts":5,"retryReasons":[],"status":"passed","title":"should not move locked points when constrained to another point"},{"ancestorTitles":["Intrinsic Constraints","Line - Fixed Length"],"duration":5,"failureDetails":[],"failureMessages":[],"fullName":"Intrinsic Constraints Line - Fixed Length should enforce fixed length intrinsic constraint","invocations":1,"location":null,"numPassingAsserts":2,"retryReasons":[],"status":"passed","title":"should enforce fixed length intrinsic constraint"},{"ancestorTitles":["Intrinsic Constraints","Line - Horizontal"],"duration":4,"failureDetails":[],"failureMessages":[],"fullName":"Intrinsic Constraints Line - Horizontal should enforce horizontal direction intrinsic constraint","invocations":1,"location":null,"numPassingAsserts":2,"retryReasons":[],"status":"passed","title":"should enforce horizontal direction intrinsic constraint"},{"ancestorTitles":["Intrinsic Constraints","Line - Vertical"],"duration":6,"failureDetails":[],"failureMessages":[],"fullName":"Intrinsic Constraints Line - Vertical should enforce vertical direction intrinsic constraint","invocations":1,"location":null,"numPassingAsserts":3,"retryReasons":[],"status":"passed","title":"should enforce vertical direction intrinsic constraint"},{"ancestorTitles":["Intrinsic Constraints","Line - X-Aligned"],"duration":5,"failureDetails":[],"failureMessages":[],"fullName":"Intrinsic Constraints Line - X-Aligned should enforce x-aligned direction intrinsic constraint","invocations":1,"location":null,"numPassingAsserts":3,"retryReasons":[],"status":"passed","title":"should enforce x-aligned direction intrinsic constraint"},{"ancestorTitles":["Intrinsic Constraints","Line - Z-Aligned"],"duration":6,"failureDetails":[],"failureMessages":[],"fullName":"Intrinsic Constraints Line - Z-Aligned should enforce z-aligned direction intrinsic constraint","invocations":1,"location":null,"numPassingAsserts":3,"retryReasons":[],"status":"passed","title":"should enforce z-aligned direction intrinsic constraint"},{"ancestorTitles":["Intrinsic Constraints","Line - Combined Constraints"],"duration":6,"failureDetails":[],"failureMessages":[],"fullName":"Intrinsic Constraints Line - Combined Constraints should enforce both direction and length intrinsic constraints","invocations":1,"location":null,"numPassingAsserts":3,"retryReasons":[],"status":"passed","title":"should enforce both direction and length intrinsic constraints"},{"ancestorTitles":["Intrinsic Constraints","Multiple Lines with Intrinsic Constraints"],"duration":19,"failureDetails":[],"failureMessages":[],"fullName":"Intrinsic Constraints Multiple Lines with Intrinsic Constraints should solve multiple lines each with their own intrinsic constraints","invocations":1,"location":null,"numPassingAsserts":13,"retryReasons":[],"status":"passed","title":"should solve multiple lines each with their own intrinsic constraints"}],"endTime":1766146394104,"message":"","name":"C:\\Dev\\Pictorigo\\src\\optimization\\__tests__\\intrinsic-constraints.test.ts","startTime":1766146393556,"status":"passed","summary":""},{"assertionResults":[{"ancestorTitles":["Projection-Triangulation Round-Trip"],"duration":4,"failureDetails":[],"failureMessages":[],"fullName":"Projection-Triangulation Round-Trip project → triangulate → reproject should give same pixels","invocations":1,"location":null,"numPassingAsserts":1,"retryReasons":[],"status":"passed","title":"project → triangulate → reproject should give same pixels"}],"endTime":1766146394102,"message":"","name":"C:\\Dev\\Pictorigo\\src\\optimization\\__tests__\\projection-triangulation-test.test.ts","startTime":1766146393489,"status":"passed","summary":""},{"assertionResults":[{"ancestorTitles":["Debug VL Fixture"],"duration":1951,"failureDetails":[],"failureMessages":[],"fullName":"Debug VL Fixture should debug the No Vanisining Lines Now With VL fixture","invocations":1,"location":null,"numPassingAsserts":1,"retryReasons":[],"status":"passed","title":"should debug the No Vanisining Lines Now With VL fixture"}],"endTime":1766146394122,"message":"","name":"C:\\Dev\\Pictorigo\\src\\optimization\\__tests__\\debug-vl-fixture.test.ts","startTime":1766146386096,"status":"passed","summary":""},{"assertionResults":[{"ancestorTitles":["Rotation Convention Test"],"duration":43,"failureDetails":[],"failureMessages":[],"fullName":"Rotation Convention Test should check if quaternion and matrix conversions are consistent","invocations":1,"location":null,"numPassingAsserts":0,"retryReasons":[],"status":"passed","title":"should check if quaternion and matrix conversions are consistent"}],"endTime":1766146394141,"message":"","name":"C:\\Dev\\Pictorigo\\src\\optimization\\__tests__\\rotation-convention-test.test.ts","startTime":1766146393579,"status":"passed","summary":""},{"assertionResults":[{"ancestorTitles":["FixedPointConstraint - Solver Integration"],"duration":12,"failureDetails":[],"failureMessages":[],"fullName":"FixedPointConstraint - Solver Integration should lock point to specified 3D coordinates","invocations":1,"location":null,"numPassingAsserts":6,"retryReasons":[],"status":"passed","title":"should lock point to specified 3D coordinates"},{"ancestorTitles":["FixedPointConstraint - Solver Integration"],"duration":20,"failureDetails":[],"failureMessages":[],"fullName":"FixedPointConstraint - Solver Integration should lock point to arbitrary target position","invocations":1,"location":null,"numPassingAsserts":4,"retryReasons":[],"status":"passed","title":"should lock point to arbitrary target position"},{"ancestorTitles":["FixedPointConstraint - Solver Integration"],"duration":3,"failureDetails":[],"failureMessages":[],"fullName":"FixedPointConstraint - Solver Integration should not move locked points","invocations":1,"location":null,"numPassingAsserts":4,"retryReasons":[],"status":"passed","title":"should not move locked points"},{"ancestorTitles":["FixedPointConstraint - Solver Integration"],"duration":7,"failureDetails":[],"failureMessages":[],"fullName":"FixedPointConstraint - Solver Integration should handle multiple independent fixed points","invocations":1,"location":null,"numPassingAsserts":7,"retryReasons":[],"status":"passed","title":"should handle multiple independent fixed points"},{"ancestorTitles":["FixedPointConstraint - Solver Integration"],"duration":4,"failureDetails":[],"failureMessages":[],"fullName":"FixedPointConstraint - Solver Integration should report residual magnitude correctly","invocations":1,"location":null,"numPassingAsserts":5,"retryReasons":[],"status":"passed","title":"should report residual magnitude correctly"}],"endTime":1766146394256,"message":"","name":"C:\\Dev\\Pictorigo\\src\\optimization\\__tests__\\fixed-point-constraint.test.ts","startTime":1766146393664,"status":"passed","summary":""},{"assertionResults":[{"ancestorTitles":["🧪 Testing Setup Verification"],"duration":1,"failureDetails":[],"failureMessages":[],"fullName":"🧪 Testing Setup Verification should run basic tests","invocations":1,"location":null,"numPassingAsserts":1,"retryReasons":[],"status":"passed","title":"should run basic tests"},{"ancestorTitles":["🧪 Testing Setup Verification"],"duration":1,"failureDetails":[],"failureMessages":[],"fullName":"🧪 Testing Setup Verification should handle async operations","invocations":1,"location":null,"numPassingAsserts":1,"retryReasons":[],"status":"passed","title":"should handle async operations"},{"ancestorTitles":["🧪 Testing Setup Verification"],"duration":0,"failureDetails":[],"failureMessages":[],"fullName":"🧪 Testing Setup Verification should mock crypto.randomUUID","invocations":1,"location":null,"numPassingAsserts":1,"retryReasons":[],"status":"passed","title":"should mock crypto.randomUUID"},{"ancestorTitles":["🧪 Testing Setup Verification"],"duration":0,"failureDetails":[],"failureMessages":[],"fullName":"🧪 Testing Setup Verification should mock localStorage","invocations":1,"location":null,"numPassingAsserts":1,"retryReasons":[],"status":"passed","title":"should mock localStorage"}],"endTime":1766146394264,"message":"","name":"C:\\Dev\\Pictorigo\\src\\tests\\simple.test.ts","startTime":1766146393639,"status":"passed","summary":""},{"assertionResults":[{"ancestorTitles":["Simple Length Constraint Test"],"duration":16,"failureDetails":[],"failureMessages":[],"fullName":"Simple Length Constraint Test should adjust two points to satisfy target length constraint","invocations":1,"location":null,"numPassingAsserts":2,"retryReasons":[],"status":"passed","title":"should adjust two points to satisfy target length constraint"}],"endTime":1766146394342,"message":"","name":"C:\\Dev\\Pictorigo\\src\\optimization\\__tests__\\simple-length-constraint.test.ts","startTime":1766146393704,"status":"passed","summary":""},{"assertionResults":[{"ancestorTitles":["GOLDEN-6: Camera Intrinsic Optimization"],"duration":1,"failureDetails":[],"failureMessages":[],"fullName":"GOLDEN-6: Camera Intrinsic Optimization should optimize camera focal length while keeping world geometry fixed","invocations":1,"location":null,"numPassingAsserts":0,"retryReasons":[],"status":"passed","title":"should optimize camera focal length while keeping world geometry fixed"},{"ancestorTitles":["GOLDEN-6: Camera Intrinsic Optimization"],"duration":39,"failureDetails":[],"failureMessages":[],"fullName":"GOLDEN-6: Camera Intrinsic Optimization MANUAL TEST: demonstrates camera intrinsic optimization capability","invocations":1,"location":null,"numPassingAsserts":3,"retryReasons":[],"status":"passed","title":"MANUAL TEST: demonstrates camera intrinsic optimization capability"}],"endTime":1766146394344,"message":"","name":"C:\\Dev\\Pictorigo\\src\\optimization\\__tests__\\golden-camera-intrinsics.test.ts","startTime":1766146393637,"status":"passed","summary":""},{"assertionResults":[{"ancestorTitles":["Solving Scenarios - Phase 1: Single Camera Initialization","Scenario 1: Simple PnP (Baseline)"],"duration":202,"failureDetails":[],"failureMessages":[],"fullName":"Solving Scenarios - Phase 1: Single Camera Initialization Scenario 1: Simple PnP (Baseline) should initialize camera using PnP and achieve low reprojection error","invocations":1,"location":null,"numPassingAsserts":21,"retryReasons":[],"status":"passed","title":"should initialize camera using PnP and achieve low reprojection error"},{"ancestorTitles":["Solving Scenarios - Phase 1: Single Camera Initialization","Scenario 2: PnP with Bundle Adjustment"],"duration":267,"failureDetails":[],"failureMessages":[],"fullName":"Solving Scenarios - Phase 1: Single Camera Initialization Scenario 2: PnP with Bundle Adjustment should initialize camera with PnP from locked points and refine partially locked points","invocations":1,"location":null,"numPassingAsserts":42,"retryReasons":[],"status":"passed","title":"should initialize camera with PnP from locked points and refine partially locked points"},{"ancestorTitles":["Solving Scenarios - Phase 2: Two Camera Systems","Scenario 5: Essential Matrix Initialization"],"duration":355,"failureDetails":[],"failureMessages":[],"fullName":"Solving Scenarios - Phase 2: Two Camera Systems Scenario 5: Essential Matrix Initialization should initialize two cameras using Essential Matrix with arbitrary scale","invocations":1,"location":null,"numPassingAsserts":51,"retryReasons":[],"status":"passed","title":"should initialize two cameras using Essential Matrix with arbitrary scale"},{"ancestorTitles":["Solving Scenarios - Phase 2: Two Camera Systems","Scenario 6: Two Cameras with Scale"],"duration":468,"failureDetails":[],"failureMessages":[],"fullName":"Solving Scenarios - Phase 2: Two Camera Systems Scenario 6: Two Cameras with Scale should initialize two cameras and resolve scale from locked points","invocations":1,"location":null,"numPassingAsserts":44,"retryReasons":[],"status":"passed","title":"should initialize two cameras and resolve scale from locked points"},{"ancestorTitles":["Solving Scenarios - Phase 3: Complex Constraints","Scenario 7: Mixed VP + PnP"],"duration":116,"failureDetails":[],"failureMessages":[],"fullName":"Solving Scenarios - Phase 3: Complex Constraints Scenario 7: Mixed VP + PnP should initialize Camera1 with VP and Camera2 with PnP","invocations":1,"location":null,"numPassingAsserts":29,"retryReasons":[],"status":"passed","title":"should initialize Camera1 with VP and Camera2 with PnP"},{"ancestorTitles":["Solving Scenarios - Phase 3: Complex Constraints","Scenario 8: Length-Constrained Lines"],"duration":301,"failureDetails":[],"failureMessages":[],"fullName":"Solving Scenarios - Phase 3: Complex Constraints Scenario 8: Length-Constrained Lines should initialize cameras and satisfy length constraints","invocations":1,"location":null,"numPassingAsserts":18,"retryReasons":[],"status":"passed","title":"should initialize cameras and satisfy length constraints"},{"ancestorTitles":["Solving Scenarios - Phase 4: Single Camera with Inferred Coordinates","Scenario 11: Single Camera with VP Initialization Using Inferred Coordinates"],"duration":194,"failureDetails":[],"failureMessages":[],"fullName":"Solving Scenarios - Phase 4: Single Camera with Inferred Coordinates Scenario 11: Single Camera with VP Initialization Using Inferred Coordinates should initialize camera using vanishing points with inferred world point coordinates","invocations":1,"location":null,"numPassingAsserts":36,"retryReasons":[],"status":"passed","title":"should initialize camera using vanishing points with inferred world point coordinates"},{"ancestorTitles":["Solving Scenarios - Phase 4: Single Camera with Inferred Coordinates","Scenario 11: Single Camera with VP Initialization Using Inferred Coordinates"],"duration":79,"failureDetails":[],"failureMessages":[],"fullName":"Solving Scenarios - Phase 4: Single Camera with Inferred Coordinates Scenario 11: Single Camera with VP Initialization Using Inferred Coordinates should use partial inferred coordinates and solve for unknowns via optimization","invocations":1,"location":null,"numPassingAsserts":17,"retryReasons":[],"status":"passed","title":"should use partial inferred coordinates and solve for unknowns via optimization"},{"ancestorTitles":["Solving Scenarios - Phase 4: Single Camera with Inferred Coordinates","Scenario 12: Two Locked Points - Debug High Reprojection Error"],"duration":81,"failureDetails":[],"failureMessages":[],"fullName":"Solving Scenarios - Phase 4: Single Camera with Inferred Coordinates Scenario 12: Two Locked Points - Debug High Reprojection Error should achieve low reprojection error with precise clicks","invocations":1,"location":null,"numPassingAsserts":6,"retryReasons":[],"status":"passed","title":"should achieve low reprojection error with precise clicks"},{"ancestorTitles":["Solving Scenarios - Phase 4: Single Camera with Inferred Coordinates","VP Initialization with Positive Coordinates"],"duration":46,"failureDetails":[],"failureMessages":[],"fullName":"Solving Scenarios - Phase 4: Single Camera with Inferred Coordinates VP Initialization with Positive Coordinates should work with Y=-10 (stillwrong fixture)","invocations":1,"location":null,"numPassingAsserts":1,"retryReasons":[],"status":"passed","title":"should work with Y=-10 (stillwrong fixture)"},{"ancestorTitles":["Solving Scenarios - Phase 4: Single Camera with Inferred Coordinates","VP Initialization with Positive Coordinates"],"duration":54,"failureDetails":[],"failureMessages":[],"fullName":"Solving Scenarios - Phase 4: Single Camera with Inferred Coordinates VP Initialization with Positive Coordinates should work with Y=+10 (stillwrong fixture)","invocations":1,"location":null,"numPassingAsserts":1,"retryReasons":[],"status":"passed","title":"should work with Y=+10 (stillwrong fixture)"},{"ancestorTitles":["Solving Scenarios - Phase 4: Single Camera with Inferred Coordinates","VP Initialization with Positive Coordinates"],"duration":28,"failureDetails":[],"failureMessages":[],"fullName":"Solving Scenarios - Phase 4: Single Camera with Inferred Coordinates VP Initialization with Positive Coordinates should achieve sub-pixel accuracy with positive locked coordinates and vanishing lines","invocations":1,"location":null,"numPassingAsserts":10,"retryReasons":[],"status":"passed","title":"should achieve sub-pixel accuracy with positive locked coordinates and vanishing lines"},{"ancestorTitles":["Solving Scenarios - Phase 4: Single Camera with Inferred Coordinates","Scenario 13: Single Fixed Point with Line Length Constraint"],"duration":41,"failureDetails":[],"failureMessages":[],"fullName":"Solving Scenarios - Phase 4: Single Camera with Inferred Coordinates Scenario 13: Single Fixed Point with Line Length Constraint should solve when scale is provided via line targetLength","invocations":1,"location":null,"numPassingAsserts":19,"retryReasons":[],"status":"passed","title":"should solve when scale is provided via line targetLength"},{"ancestorTitles":["Solving Scenarios - Phase 4: Single Camera with Inferred Coordinates","Axis Sign Correction"],"duration":48,"failureDetails":[],"failureMessages":[],"fullName":"Solving Scenarios - Phase 4: Single Camera with Inferred Coordinates Axis Sign Correction should correct X axis sign when locked X is positive but solved is negative","invocations":1,"location":null,"numPassingAsserts":1,"retryReasons":[],"status":"passed","title":"should correct X axis sign when locked X is positive but solved is negative"},{"ancestorTitles":["Solving Scenarios - Phase 4: Single Camera with Inferred Coordinates","Axis Sign Correction"],"duration":46,"failureDetails":[],"failureMessages":[],"fullName":"Solving Scenarios - Phase 4: Single Camera with Inferred Coordinates Axis Sign Correction should correct Y axis sign when locked Y is positive but solved is negative","invocations":1,"location":null,"numPassingAsserts":1,"retryReasons":[],"status":"passed","title":"should correct Y axis sign when locked Y is positive but solved is negative"},{"ancestorTitles":["Solving Scenarios - Phase 4: Single Camera with Inferred Coordinates","Axis Sign Correction"],"duration":45,"failureDetails":[],"failureMessages":[],"fullName":"Solving Scenarios - Phase 4: Single Camera with Inferred Coordinates Axis Sign Correction should correct Z axis sign when locked Z is positive but solved is negative","invocations":1,"location":null,"numPassingAsserts":1,"retryReasons":[],"status":"passed","title":"should correct Z axis sign when locked Z is positive but solved is negative"},{"ancestorTitles":["Solving Scenarios - Phase 4: Single Camera with Inferred Coordinates","Axis Sign Correction"],"duration":84,"failureDetails":[],"failureMessages":[],"fullName":"Solving Scenarios - Phase 4: Single Camera with Inferred Coordinates Axis Sign Correction should ensure all locked axis signs match after solving","invocations":1,"location":null,"numPassingAsserts":4,"retryReasons":[],"status":"passed","title":"should ensure all locked axis signs match after solving"},{"ancestorTitles":["Solving Scenarios - Phase 4: Single Camera with Inferred Coordinates","Scenario 15: Single Camera VP Initialization from Axis-Aligned Lines"],"duration":null,"failureDetails":[],"failureMessages":[],"fullName":"Solving Scenarios - Phase 4: Single Camera with Inferred Coordinates Scenario 15: Single Camera VP Initialization from Axis-Aligned Lines should solve using axis-aligned lines as virtual vanishing lines","invocations":1,"location":null,"numPassingAsserts":0,"retryReasons":[],"status":"pending","title":"should solve using axis-aligned lines as virtual vanishing lines"}],"endTime":1766146394643,"message":"","name":"C:\\Dev\\Pictorigo\\src\\optimization\\__tests__\\solving-scenarios.test.ts","startTime":1766146386125,"status":"focused","summary":""},{"assertionResults":[{"ancestorTitles":["Corre Essential Matrix Debug"],"duration":2488,"failureDetails":[],"failureMessages":[],"fullName":"Corre Essential Matrix Debug should initialize and optimize the Corre project correctly","invocations":1,"location":null,"numPassingAsserts":2,"retryReasons":[],"status":"passed","title":"should initialize and optimize the Corre project correctly"},{"ancestorTitles":["Corre Essential Matrix Debug"],"duration":92,"failureDetails":[],"failureMessages":[],"fullName":"Corre Essential Matrix Debug should test Essential Matrix initialization directly","invocations":1,"location":null,"numPassingAsserts":4,"retryReasons":[],"status":"passed","title":"should test Essential Matrix initialization directly"}],"endTime":1766146394784,"message":"","name":"C:\\Dev\\Pictorigo\\src\\optimization\\__tests__\\corre-essential-matrix.test.ts","startTime":1766146386153,"status":"passed","summary":""},{"assertionResults":[{"ancestorTitles":["GOLDEN-5: Mixed Constraints"],"duration":7522,"failureDetails":[],"failureMessages":[],"fullName":"GOLDEN-5: Mixed Constraints should solve cube with length, direction, and coplanarity constraints simultaneously","invocations":1,"location":null,"numPassingAsserts":4,"retryReasons":[],"status":"passed","title":"should solve cube with length, direction, and coplanarity constraints simultaneously"}],"endTime":1766146399356,"message":"","name":"C:\\Dev\\Pictorigo\\src\\optimization\\__tests__\\golden-mixed-constraints.test.ts","startTime":1766146386058,"status":"passed","summary":""},{"assertionResults":[{"ancestorTitles":["Balcony House X-Line optimization"],"duration":7791,"failureDetails":[],"failureMessages":[],"fullName":"Balcony House X-Line optimization should solve X-axis line constraint with median error < 3px","invocations":1,"location":null,"numPassingAsserts":2,"retryReasons":[],"status":"passed","title":"should solve X-axis line constraint with median error < 3px"}],"endTime":1766146399893,"message":"","name":"C:\\Dev\\Pictorigo\\src\\optimization\\__tests__\\balcony-house-x-line.test.ts","startTime":1766146386066,"status":"passed","summary":""},{"assertionResults":[{"ancestorTitles":["🧪 OptimizationService","Bundle Adjustment"],"duration":6585,"failureDetails":[],"failureMessages":[],"fullName":"🧪 OptimizationService Bundle Adjustment starts optimization with project data","invocations":1,"location":null,"numPassingAsserts":4,"retryReasons":[],"status":"passed","title":"starts optimization with project data"},{"ancestorTitles":["🧪 OptimizationService","Bundle Adjustment"],"duration":510,"failureDetails":[],"failureMessages":[],"fullName":"🧪 OptimizationService Bundle Adjustment handles optimization progress updates","invocations":1,"location":null,"numPassingAsserts":4,"retryReasons":[],"status":"passed","title":"handles optimization progress updates"},{"ancestorTitles":["🧪 OptimizationService","Bundle Adjustment"],"duration":622,"failureDetails":[],"failureMessages":[],"fullName":"🧪 OptimizationService Bundle Adjustment can cancel optimization","invocations":1,"location":null,"numPassingAsserts":3,"retryReasons":[],"status":"passed","title":"can cancel optimization"},{"ancestorTitles":["🧪 OptimizationService","Bundle Adjustment"],"duration":26,"failureDetails":[],"failureMessages":[],"fullName":"🧪 OptimizationService Bundle Adjustment validates optimization options","invocations":1,"location":null,"numPassingAsserts":1,"retryReasons":[],"status":"passed","title":"validates optimization options"},{"ancestorTitles":["🧪 OptimizationService","Point Cloud Alignment"],"duration":115,"failureDetails":[],"failureMessages":[],"fullName":"🧪 OptimizationService Point Cloud Alignment aligns point clouds successfully","invocations":1,"location":null,"numPassingAsserts":3,"retryReasons":[],"status":"passed","title":"aligns point clouds successfully"},{"ancestorTitles":["🧪 OptimizationService","Point Cloud Alignment"],"duration":2,"failureDetails":[],"failureMessages":[],"fullName":"🧪 OptimizationService Point Cloud Alignment handles insufficient points for alignment","invocations":1,"location":null,"numPassingAsserts":1,"retryReasons":[],"status":"passed","title":"handles insufficient points for alignment"},{"ancestorTitles":["🧪 OptimizationService","Constraint Optimization"],"duration":104,"failureDetails":[],"failureMessages":[],"fullName":"🧪 OptimizationService Constraint Optimization optimizes constraints on project","invocations":1,"location":null,"numPassingAsserts":4,"retryReasons":[],"status":"passed","title":"optimizes constraints on project"},{"ancestorTitles":["🧪 OptimizationService","Constraint Optimization"],"duration":6,"failureDetails":[],"failureMessages":[],"fullName":"🧪 OptimizationService Constraint Optimization handles project with no constraints","invocations":1,"location":null,"numPassingAsserts":2,"retryReasons":[],"status":"passed","title":"handles project with no constraints"},{"ancestorTitles":["🧪 OptimizationService","Camera Calibration"],"duration":214,"failureDetails":[],"failureMessages":[],"fullName":"🧪 OptimizationService Camera Calibration performs camera calibration","invocations":1,"location":null,"numPassingAsserts":7,"retryReasons":[],"status":"passed","title":"performs camera calibration"},{"ancestorTitles":["🧪 OptimizationService","Error Handling"],"duration":1,"failureDetails":[],"failureMessages":[],"fullName":"🧪 OptimizationService Error Handling handles network errors gracefully","invocations":1,"location":null,"numPassingAsserts":1,"retryReasons":[],"status":"passed","title":"handles network errors gracefully"},{"ancestorTitles":["🧪 OptimizationService","Error Handling"],"duration":309,"failureDetails":[],"failureMessages":[],"fullName":"🧪 OptimizationService Error Handling provides fallback simulation when backend unavailable","invocations":1,"location":null,"numPassingAsserts":3,"retryReasons":[],"status":"passed","title":"provides fallback simulation when backend unavailable"},{"ancestorTitles":["🧪 OptimizationService","Statistics and Analysis"],"duration":2,"failureDetails":[],"failureMessages":[],"fullName":"🧪 OptimizationService Statistics and Analysis calculates optimization statistics","invocations":1,"location":null,"numPassingAsserts":4,"retryReasons":[],"status":"passed","title":"calculates optimization statistics"},{"ancestorTitles":["🧪 OptimizationService","Statistics and Analysis"],"duration":1,"failureDetails":[],"failureMessages":[],"fullName":"🧪 OptimizationService Statistics and Analysis analyzes convergence behavior","invocations":1,"location":null,"numPassingAsserts":3,"retryReasons":[],"status":"passed","title":"analyzes convergence behavior"}],"endTime":1766146400273,"message":"","name":"C:\\Dev\\Pictorigo\\src\\services\\__tests__\\optimization.test.ts","startTime":1766146386130,"status":"passed","summary":""},{"assertionResults":[{"ancestorTitles":["GOLDEN: Essential Matrix with Coplanar Constraint and Free Point"],"duration":8147,"failureDetails":[],"failureMessages":[],"fullName":"GOLDEN: Essential Matrix with Coplanar Constraint and Free Point should solve with coplanar constraint and single-view free point","invocations":1,"location":null,"numPassingAsserts":16,"retryReasons":[],"status":"passed","title":"should solve with coplanar constraint and single-view free point"}],"endTime":1766146400331,"message":"","name":"C:\\Dev\\Pictorigo\\src\\optimization\\__tests__\\golden-coplanar-free-point.test.ts","startTime":1766146386145,"status":"passed","summary":""},{"assertionResults":[{"ancestorTitles":["Optimization Determinism"],"duration":7817,"failureDetails":[],"failureMessages":[],"fullName":"Optimization Determinism should produce consistent results for two-camera-vl-non-vl-user.json over 10 runs","invocations":1,"location":null,"numPassingAsserts":0,"retryReasons":[],"status":"passed","title":"should produce consistent results for two-camera-vl-non-vl-user.json over 10 runs"},{"ancestorTitles":["Optimization Determinism"],"duration":456,"failureDetails":[],"failureMessages":[],"fullName":"Optimization Determinism should produce consistent results for single-camera-vl-baseline.json over 10 runs","invocations":1,"location":null,"numPassingAsserts":0,"retryReasons":[],"status":"passed","title":"should produce consistent results for single-camera-vl-baseline.json over 10 runs"}],"endTime":1766146400389,"message":"","name":"C:\\Dev\\Pictorigo\\src\\optimization\\__tests__\\determinism.test.ts","startTime":1766146386099,"status":"passed","summary":""},{"assertionResults":[{"ancestorTitles":["GOLDEN: No-Axis No-Lines (Essential Matrix + Free Solve, minimal constraints)"],"duration":8920,"failureDetails":[],"failureMessages":[],"fullName":"GOLDEN: No-Axis No-Lines (Essential Matrix + Free Solve, minimal constraints) should solve 8+8 two-camera scene with 2 locked points (no lines, no constraints)","invocations":1,"location":null,"numPassingAsserts":9,"retryReasons":[],"status":"passed","title":"should solve 8+8 two-camera scene with 2 locked points (no lines, no constraints)"}],"endTime":1766146401090,"message":"","name":"C:\\Dev\\Pictorigo\\src\\optimization\\__tests__\\golden-no-axis-no-lines.test.ts","startTime":1766146386060,"status":"passed","summary":""},{"assertionResults":[{"ancestorTitles":["GOLDEN: No-Axis Lines (Essential Matrix + Free Solve)"],"duration":3965,"failureDetails":[],"failureMessages":[],"fullName":"GOLDEN: No-Axis Lines (Essential Matrix + Free Solve) should solve 8+8 two-camera scene without axis constraints on lines","invocations":1,"location":null,"numPassingAsserts":12,"retryReasons":[],"status":"passed","title":"should solve 8+8 two-camera scene without axis constraints on lines"},{"ancestorTitles":["GOLDEN: No-Axis Lines (Essential Matrix + Free Solve)"],"duration":5070,"failureDetails":[],"failureMessages":[],"fullName":"GOLDEN: No-Axis Lines (Essential Matrix + Free Solve) should produce deterministic results across multiple runs","invocations":1,"location":null,"numPassingAsserts":3,"retryReasons":[],"status":"passed","title":"should produce deterministic results across multiple runs"}],"endTime":1766146401205,"message":"","name":"C:\\Dev\\Pictorigo\\src\\optimization\\__tests__\\golden-no-axis-lines.test.ts","startTime":1766146386143,"status":"passed","summary":""},{"assertionResults":[{"ancestorTitles":["Balcony House Z-Line optimization"],"duration":9576,"failureDetails":[{"matcherResult":{"message":"expect(received).toBeLessThan(expected)\n\nExpected: < 3\nReceived:   94.21435120568985","pass":false}}],"failureMessages":["Error: expect(received).toBeLessThan(expected)\n\nExpected: < 3\nReceived:   94.21435120568985\n    at Object.toBeLessThan (C:\\Dev\\Pictorigo\\src\\optimization\\__tests__\\balcony-house-z-line.test.ts:38:45)\n    at Promise.then.completed (C:\\Dev\\Pictorigo\\node_modules\\jest-circus\\build\\utils.js:298:28)\n    at new Promise (<anonymous>)\n    at callAsyncCircusFn (C:\\Dev\\Pictorigo\\node_modules\\jest-circus\\build\\utils.js:231:10)\n    at _callCircusTest (C:\\Dev\\Pictorigo\\node_modules\\jest-circus\\build\\run.js:316:40)\n    at processTicksAndRejections (node:internal/process/task_queues:105:5)\n    at _runTest (C:\\Dev\\Pictorigo\\node_modules\\jest-circus\\build\\run.js:252:3)\n    at _runTestsForDescribeBlock (C:\\Dev\\Pictorigo\\node_modules\\jest-circus\\build\\run.js:126:9)\n    at _runTestsForDescribeBlock (C:\\Dev\\Pictorigo\\node_modules\\jest-circus\\build\\run.js:121:9)\n    at run (C:\\Dev\\Pictorigo\\node_modules\\jest-circus\\build\\run.js:71:3)\n    at runAndTransformResultsToJestFormat (C:\\Dev\\Pictorigo\\node_modules\\jest-circus\\build\\legacy-code-todo-rewrite\\jestAdapterInit.js:122:21)\n    at jestAdapter (C:\\Dev\\Pictorigo\\node_modules\\jest-circus\\build\\legacy-code-todo-rewrite\\jestAdapter.js:79:19)\n    at runTestInternal (C:\\Dev\\Pictorigo\\node_modules\\jest-runner\\build\\runTest.js:367:16)\n    at runTest (C:\\Dev\\Pictorigo\\node_modules\\jest-runner\\build\\runTest.js:444:34)\n    at Object.worker (C:\\Dev\\Pictorigo\\node_modules\\jest-runner\\build\\testWorker.js:106:12)"],"fullName":"Balcony House Z-Line optimization should solve Z-axis line constraint with median error < 3px","invocations":1,"location":null,"numPassingAsserts":4,"retryReasons":[],"status":"failed","title":"should solve Z-axis line constraint with median error < 3px"}],"endTime":1766146401764,"message":"  ● Balcony House Z-Line optimization › should solve Z-axis line constraint with median error < 3px\n\n    expect(received).toBeLessThan(expected)\n\n    Expected: < 3\n    Received:   94.21435120568985\n\n    \u001b[0m \u001b[90m 36 |\u001b[39m\n     \u001b[90m 37 |\u001b[39m     expect(result\u001b[33m.\u001b[39mmedianReprojectionError)\u001b[33m.\u001b[39mtoBeDefined()\n    \u001b[31m\u001b[1m>\u001b[22m\u001b[39m\u001b[90m 38 |\u001b[39m     expect(result\u001b[33m.\u001b[39mmedianReprojectionError\u001b[33m!\u001b[39m)\u001b[33m.\u001b[39mtoBeLessThan(\u001b[35m3.0\u001b[39m)\n     \u001b[90m    |\u001b[39m                                             \u001b[31m\u001b[1m^\u001b[22m\u001b[39m\n     \u001b[90m 39 |\u001b[39m   })\n     \u001b[90m 40 |\u001b[39m })\n     \u001b[90m 41 |\u001b[39m\u001b[0m\n\n      at Object.toBeLessThan (src/optimization/__tests__/balcony-house-z-line.test.ts:38:45)\n","name":"C:\\Dev\\Pictorigo\\src\\optimization\\__tests__\\balcony-house-z-line.test.ts","startTime":1766146386127,"status":"failed","summary":""},{"assertionResults":[{"ancestorTitles":["Balcony House X vs Z Line comparison"],"duration":15175,"failureDetails":[],"failureMessages":[],"fullName":"Balcony House X vs Z Line comparison should compare X-line and Z-line initialization and solving","invocations":1,"location":null,"numPassingAsserts":2,"retryReasons":[],"status":"passed","title":"should compare X-line and Z-line initialization and solving"}],"endTime":1766146407312,"message":"","name":"C:\\Dev\\Pictorigo\\src\\optimization\\__tests__\\balcony-house-compare.test.ts","startTime":1766146386149,"status":"passed","summary":""},{"assertionResults":[{"ancestorTitles":["Regression Fixtures - Balcony Houses"],"duration":3558,"failureDetails":[],"failureMessages":[],"fullName":"Regression Fixtures - Balcony Houses Balcony House Lines.json should have total error < 2","invocations":1,"location":null,"numPassingAsserts":1,"retryReasons":[],"status":"passed","title":"Balcony House Lines.json should have total error < 2"},{"ancestorTitles":["Regression Fixtures - Balcony Houses"],"duration":1787,"failureDetails":[],"failureMessages":[],"fullName":"Regression Fixtures - Balcony Houses Balcony House No Lines.json should have total error < 2","invocations":1,"location":null,"numPassingAsserts":1,"retryReasons":[],"status":"passed","title":"Balcony House No Lines.json should have total error < 2"},{"ancestorTitles":["Regression Fixtures - Balcony Houses"],"duration":437,"failureDetails":[],"failureMessages":[],"fullName":"Regression Fixtures - Balcony Houses Balcony House X,Y and Z Lines.json should have total error < 2","invocations":1,"location":null,"numPassingAsserts":1,"retryReasons":[],"status":"passed","title":"Balcony House X,Y and Z Lines.json should have total error < 2"},{"ancestorTitles":["Regression Fixtures - Balcony Houses"],"duration":639,"failureDetails":[],"failureMessages":[],"fullName":"Regression Fixtures - Balcony Houses Balcony House Y and Z Line.json should have total error < 2","invocations":1,"location":null,"numPassingAsserts":1,"retryReasons":[],"status":"passed","title":"Balcony House Y and Z Line.json should have total error < 2"},{"ancestorTitles":["Regression Fixtures - Balcony Houses"],"duration":1343,"failureDetails":[],"failureMessages":[],"fullName":"Regression Fixtures - Balcony Houses Balcony House Y Line.json should have total error < 2","invocations":1,"location":null,"numPassingAsserts":1,"retryReasons":[],"status":"passed","title":"Balcony House Y Line.json should have total error < 2"},{"ancestorTitles":["Regression Fixtures - Balcony Houses"],"duration":4063,"failureDetails":[],"failureMessages":[],"fullName":"Regression Fixtures - Balcony Houses Balcony House Z Line.json should have total error < 4","invocations":1,"location":null,"numPassingAsserts":1,"retryReasons":[],"status":"passed","title":"Balcony House Z Line.json should have total error < 4"},{"ancestorTitles":["Regression Fixtures - Balcony Houses"],"duration":3428,"failureDetails":[],"failureMessages":[],"fullName":"Regression Fixtures - Balcony Houses Balcony House 2 With Balcony Points.json should have total error < 2","invocations":1,"location":null,"numPassingAsserts":1,"retryReasons":[],"status":"passed","title":"Balcony House 2 With Balcony Points.json should have total error < 2"},{"ancestorTitles":["Regression Fixtures - Calibration"],"duration":475,"failureDetails":[],"failureMessages":[],"fullName":"Regression Fixtures - Calibration Fixture With 2 Images.json should have total error < 3","invocations":1,"location":null,"numPassingAsserts":1,"retryReasons":[],"status":"passed","title":"Fixture With 2 Images.json should have total error < 3"},{"ancestorTitles":["Regression Fixtures - Calibration"],"duration":714,"failureDetails":[],"failureMessages":[],"fullName":"Regression Fixtures - Calibration Fixture With 2 Image 2.json should have total error < 2","invocations":1,"location":null,"numPassingAsserts":1,"retryReasons":[],"status":"passed","title":"Fixture With 2 Image 2.json should have total error < 2"},{"ancestorTitles":["Regression Fixtures - Calibration"],"duration":56,"failureDetails":[],"failureMessages":[],"fullName":"Regression Fixtures - Calibration Fixture With 2-1 Image 2.json should have total error < 2","invocations":1,"location":null,"numPassingAsserts":1,"retryReasons":[],"status":"passed","title":"Fixture With 2-1 Image 2.json should have total error < 2"},{"ancestorTitles":["Regression Fixtures - Calibration"],"duration":88,"failureDetails":[],"failureMessages":[],"fullName":"Regression Fixtures - Calibration Full Solve.json should have total error < 2","invocations":1,"location":null,"numPassingAsserts":1,"retryReasons":[],"status":"passed","title":"Full Solve.json should have total error < 2"},{"ancestorTitles":["Regression Fixtures - Calibration"],"duration":615,"failureDetails":[],"failureMessages":[],"fullName":"Regression Fixtures - Calibration No Vanisining Lines.json should have total error < 2.1","invocations":1,"location":null,"numPassingAsserts":1,"retryReasons":[],"status":"passed","title":"No Vanisining Lines.json should have total error < 2.1"},{"ancestorTitles":["Regression Fixtures - Minimal"],"duration":32,"failureDetails":[],"failureMessages":[],"fullName":"Regression Fixtures - Minimal Minimal VL.json should have total error < 2","invocations":1,"location":null,"numPassingAsserts":1,"retryReasons":[],"status":"passed","title":"Minimal VL.json should have total error < 2"},{"ancestorTitles":["Regression Fixtures - Multi-Camera VL"],"duration":39,"failureDetails":[],"failureMessages":[],"fullName":"Regression Fixtures - Multi-Camera VL VL-only-single-camera.json should have total error < 2","invocations":1,"location":null,"numPassingAsserts":1,"retryReasons":[],"status":"passed","title":"VL-only-single-camera.json should have total error < 2"},{"ancestorTitles":["Regression Fixtures - Multi-Camera VL"],"duration":578,"failureDetails":[],"failureMessages":[],"fullName":"Regression Fixtures - Multi-Camera VL VL-and-non-VL-two-cameras.json should have total error < 10","invocations":1,"location":null,"numPassingAsserts":1,"retryReasons":[],"status":"passed","title":"VL-and-non-VL-two-cameras.json should have total error < 10"},{"ancestorTitles":["Regression Fixtures - Poor Solves (Investigation Needed)"],"duration":64,"failureDetails":[],"failureMessages":[],"fullName":"Regression Fixtures - Poor Solves (Investigation Needed) Three Boxes.json should have total error < 17","invocations":1,"location":null,"numPassingAsserts":1,"retryReasons":[],"status":"passed","title":"Three Boxes.json should have total error < 17"},{"ancestorTitles":["Regression Fixtures - Essential Matrix"],"duration":5178,"failureDetails":[],"failureMessages":[],"fullName":"Regression Fixtures - Essential Matrix two-axis-y-sign-ambiguity.json should have total error < 2","invocations":1,"location":null,"numPassingAsserts":1,"retryReasons":[],"status":"passed","title":"two-axis-y-sign-ambiguity.json should have total error < 2"},{"ancestorTitles":["Regression Fixtures - Essential Matrix"],"duration":1930,"failureDetails":[],"failureMessages":[],"fullName":"Regression Fixtures - Essential Matrix minimal-8-point-3-axis.json should have total error < 2","invocations":1,"location":null,"numPassingAsserts":1,"retryReasons":[],"status":"passed","title":"minimal-8-point-3-axis.json should have total error < 2"},{"ancestorTitles":["Regression Fixtures - Essential Matrix"],"duration":1994,"failureDetails":[],"failureMessages":[],"fullName":"Regression Fixtures - Essential Matrix minimal-8-point-v2.json should have total error < 2","invocations":1,"location":null,"numPassingAsserts":1,"retryReasons":[],"status":"passed","title":"minimal-8-point-v2.json should have total error < 2"},{"ancestorTitles":["Regression Fixtures - Essential Matrix"],"duration":14212,"failureDetails":[],"failureMessages":[],"fullName":"Regression Fixtures - Essential Matrix minimal-15-point-3-axis.json should have total error < 2","invocations":1,"location":null,"numPassingAsserts":1,"retryReasons":[],"status":"passed","title":"minimal-15-point-3-axis.json should have total error < 2"}],"endTime":1766146433416,"message":"","name":"C:\\Dev\\Pictorigo\\src\\optimization\\__tests__\\regression-fixtures.test.ts","startTime":1766146386130,"status":"passed","summary":""}],"wasInterrupted":false}
